<?xml version="1.0" encoding="UTF-8"?>
<Site BuildName="(empty)"
	BuildStamp="20250921-1557-Experimental"
	Name="(empty)"
	Generator="ctest-4.1.1"
	CompilerName=""
	CompilerVersion=""
	OSName="Windows"
	Hostname="NineNine"
	OSRelease=" Personal"
	OSVersion=" (Build 26100)"
	OSPlatform="AMD64"
	Is64Bits="1"
	VendorString="AuthenticAMD"
	VendorID="Advanced Micro Devices"
	FamilyID="15"
	ModelID="4"
	ModelName="AMD Ryzen 7 6800H with Radeon Graphics"
	ProcessorCacheSize="64"
	NumberOfLogicalCPU="16"
	NumberOfPhysicalCPU="8"
	TotalVirtualMemory="34045"
	TotalPhysicalMemory="31997"
	LogicalProcessorsPerPhysical="2"
	ProcessorClockFrequency="3201"
	>
	<Testing>
		<StartDateTime>Sep 21 20:22 Eastern Daylight Time</StartDateTime>
		<StartTestTime>1758500530</StartTestTime>
		<TestList/>
		<EndDateTime>Sep 21 20:22 Eastern Daylight Time</EndDateTime>
		<EndTestTime>1758500530</EndTestTime>
		<ElapsedMinutes>0</ElapsedMinutes>
	</Testing>
</Site>
